<?xml version="1.0" encoding="UTF-8"?>
<testng-results ignored="0" total="1" passed="1" failed="0" skipped="0">
  <reporter-output>
  </reporter-output>
  <suite started-at="2018-11-29T23:44:02Z" name="Default suite" finished-at="2018-11-29T23:45:21Z" duration-ms="79368">
    <groups>
    </groups>
    <test started-at="2018-11-29T23:44:02Z" name="Default test" finished-at="2018-11-29T23:45:21Z" duration-ms="79368">
      <class name="webbasic.test.FillFieldsCreateObject">
        <test-method is-config="true" signature="setupEnviromnent()[pri:0, instance:webbasic.test.FillFieldsCreateObject@1e66f1f5]" started-at="2018-11-29T23:44:02Z" name="setupEnviromnent" finished-at="2018-11-29T23:44:10Z" duration-ms="8145" status="PASS">
          <reporter-output>
          </reporter-output>
        </test-method> <!-- setupEnviromnent -->
        <test-method signature="testFillAllFields()[pri:0, instance:webbasic.test.FillFieldsCreateObject@1e66f1f5]" started-at="2018-11-29T23:44:10Z" name="testFillAllFields" finished-at="2018-11-29T23:45:21Z" duration-ms="71134" status="PASS">
          <reporter-output>
          </reporter-output>
        </test-method> <!-- testFillAllFields -->
      </class> <!-- webbasic.test.FillFieldsCreateObject -->
    </test> <!-- Default test -->
  </suite> <!-- Default suite -->
</testng-results>
