<?xml version="1.0" encoding="UTF-8"?>
<testng-results ignored="0" total="2" passed="2" failed="0" skipped="0">
  <reporter-output>
  </reporter-output>
  <suite started-at="2018-11-15T18:01:03Z" name="Default suite" finished-at="2018-11-15T18:02:01Z" duration-ms="57187">
    <groups>
    </groups>
    <test started-at="2018-11-15T18:01:03Z" name="Default test" finished-at="2018-11-15T18:02:01Z" duration-ms="57187">
      <class name="webbasic.SmokeTest">
        <test-method signature="assertCreateObject()[pri:0, instance:webbasic.SmokeTest@1bb1fde8]" started-at="2018-11-15T18:01:04Z" name="assertCreateObject" finished-at="2018-11-15T18:01:43Z" duration-ms="39189" status="PASS">
          <reporter-output>
          </reporter-output>
        </test-method> <!-- assertCreateObject -->
        <test-method signature="assertExistingObject()[pri:0, instance:webbasic.SmokeTest@1bb1fde8]" started-at="2018-11-15T18:01:43Z" name="assertExistingObject" finished-at="2018-11-15T18:02:01Z" duration-ms="17862" status="PASS">
          <reporter-output>
          </reporter-output>
        </test-method> <!-- assertExistingObject -->
      </class> <!-- webbasic.SmokeTest -->
    </test> <!-- Default test -->
  </suite> <!-- Default suite -->
</testng-results>
